2022-02-11 09:12:24.763  INFO 19212 --- [main] c.z.d.DataManagementPlatformApplication  : Starting DataManagementPlatformApplication on DESKTOP-A39JDG3 with PID 19212 (D:\git\data-management-platform\target\classes started by PC-20210115 in D:\git\data-management-platform)
2022-02-11 09:12:24.769  INFO 19212 --- [main] c.z.d.DataManagementPlatformApplication  : The following profiles are active: dev
2022-02-11 09:12:25.231  INFO 19212 --- [main] .s.d.r.c.RepositoryConfigurationDelegate : Multiple Spring Data modules found, entering strict repository configuration mode!
2022-02-11 09:12:25.233  INFO 19212 --- [main] .s.d.r.c.RepositoryConfigurationDelegate : Bootstrapping Spring Data repositories in DEFAULT mode.
2022-02-11 09:12:25.269  INFO 19212 --- [main] .s.d.r.c.RepositoryConfigurationDelegate : Finished Spring Data repository scanning in 27ms. Found 0 repository interfaces.
2022-02-11 09:12:25.433  INFO 19212 --- [main] trationDelegate$BeanPostProcessorChecker : Bean 'shiroConfiguration' of type [com.zhang.datamanagementplatform.config.shiro.ShiroConfiguration$$EnhancerBySpringCGLIB$$223a4182] is not eligible for getting processed by all BeanPostProcessors (for example: not eligible for auto-proxying)
2022-02-11 09:12:25.664  INFO 19212 --- [main] trationDelegate$BeanPostProcessorChecker : Bean 'subjectFactory' of type [com.zhang.datamanagementplatform.config.shiro.StatelessDefaultSubjectFactory] is not eligible for getting processed by all BeanPostProcessors (for example: not eligible for auto-proxying)
2022-02-11 09:12:25.666  INFO 19212 --- [main] trationDelegate$BeanPostProcessorChecker : Bean 'sessionManager' of type [org.apache.shiro.session.mgt.DefaultSessionManager] is not eligible for getting processed by all BeanPostProcessors (for example: not eligible for auto-proxying)
2022-02-11 09:12:25.666  WARN 19212 --- [main] o.a.s.web.mgt.DefaultWebSecurityManager  : The org.apache.shiro.web.mgt.DefaultWebSecurityManager implementation expects SessionManager instances that implement the org.apache.shiro.web.session.mgt.WebSessionManager interface.  The configured instance is of type [org.apache.shiro.session.mgt.DefaultSessionManager] which does not implement this interface..  This may cause unexpected behavior.
2022-02-11 09:12:25.686  INFO 19212 --- [main] trationDelegate$BeanPostProcessorChecker : Bean 'spring.redis-org.springframework.boot.autoconfigure.data.redis.RedisProperties' of type [org.springframework.boot.autoconfigure.data.redis.RedisProperties] is not eligible for getting processed by all BeanPostProcessors (for example: not eligible for auto-proxying)
2022-02-11 09:12:25.688  INFO 19212 --- [main] trationDelegate$BeanPostProcessorChecker : Bean 'org.springframework.boot.autoconfigure.data.redis.JedisConnectionConfiguration' of type [org.springframework.boot.autoconfigure.data.redis.JedisConnectionConfiguration$$EnhancerBySpringCGLIB$$22339763] is not eligible for getting processed by all BeanPostProcessors (for example: not eligible for auto-proxying)
2022-02-11 09:12:25.711  INFO 19212 --- [main] trationDelegate$BeanPostProcessorChecker : Bean 'redisConnectionFactory' of type [org.springframework.data.redis.connection.jedis.JedisConnectionFactory] is not eligible for getting processed by all BeanPostProcessors (for example: not eligible for auto-proxying)
2022-02-11 09:12:25.712  INFO 19212 --- [main] trationDelegate$BeanPostProcessorChecker : Bean 'redisConfiguration' of type [com.zhang.datamanagementplatform.config.redis.RedisConfiguration$$EnhancerBySpringCGLIB$$eccdf3ee] is not eligible for getting processed by all BeanPostProcessors (for example: not eligible for auto-proxying)
2022-02-11 09:12:25.720  INFO 19212 --- [main] trationDelegate$BeanPostProcessorChecker : Bean 'redisTemplate' of type [org.springframework.data.redis.core.RedisTemplate] is not eligible for getting processed by all BeanPostProcessors (for example: not eligible for auto-proxying)
2022-02-11 09:12:25.721  INFO 19212 --- [main] trationDelegate$BeanPostProcessorChecker : Bean 'redisUtil' of type [com.zhang.datamanagementplatform.util.RedisUtil] is not eligible for getting processed by all BeanPostProcessors (for example: not eligible for auto-proxying)
2022-02-11 09:12:25.721  INFO 19212 --- [main] trationDelegate$BeanPostProcessorChecker : Bean 'tokenUtil' of type [com.zhang.datamanagementplatform.util.TokenUtil] is not eligible for getting processed by all BeanPostProcessors (for example: not eligible for auto-proxying)
2022-02-11 09:12:25.724  INFO 19212 --- [main] trationDelegate$BeanPostProcessorChecker : Bean 'resultUtil' of type [com.zhang.datamanagementplatform.util.ResultUtil] is not eligible for getting processed by all BeanPostProcessors (for example: not eligible for auto-proxying)
2022-02-11 09:12:25.725  INFO 19212 --- [main] trationDelegate$BeanPostProcessorChecker : Bean 'credentialServiceImp' of type [com.zhang.datamanagementplatform.service.imp.CredentialServiceImp] is not eligible for getting processed by all BeanPostProcessors (for example: not eligible for auto-proxying)
2022-02-11 09:12:25.733  INFO 19212 --- [main] trationDelegate$BeanPostProcessorChecker : Bean 'mybatis-org.mybatis.spring.boot.autoconfigure.MybatisProperties' of type [org.mybatis.spring.boot.autoconfigure.MybatisProperties] is not eligible for getting processed by all BeanPostProcessors (for example: not eligible for auto-proxying)
2022-02-11 09:12:25.736  INFO 19212 --- [main] trationDelegate$BeanPostProcessorChecker : Bean 'org.mybatis.spring.boot.autoconfigure.MybatisAutoConfiguration' of type [org.mybatis.spring.boot.autoconfigure.MybatisAutoConfiguration$$EnhancerBySpringCGLIB$$b3cc36fe] is not eligible for getting processed by all BeanPostProcessors (for example: not eligible for auto-proxying)
2022-02-11 09:12:25.737  INFO 19212 --- [main] trationDelegate$BeanPostProcessorChecker : Bean 'druidConfiguration' of type [com.zhang.datamanagementplatform.config.druid.DruidConfiguration$$EnhancerBySpringCGLIB$$b68bc920] is not eligible for getting processed by all BeanPostProcessors (for example: not eligible for auto-proxying)
2022-02-11 09:12:25.774  INFO 19212 --- [main] trationDelegate$BeanPostProcessorChecker : Bean 'druidDataSource' of type [com.alibaba.druid.pool.DruidDataSource] is not eligible for getting processed by all BeanPostProcessors (for example: not eligible for auto-proxying)
2022-02-11 09:12:25.939  INFO 19212 --- [main] trationDelegate$BeanPostProcessorChecker : Bean 'sqlSessionFactory' of type [org.apache.ibatis.session.defaults.DefaultSqlSessionFactory] is not eligible for getting processed by all BeanPostProcessors (for example: not eligible for auto-proxying)
2022-02-11 09:12:25.942  INFO 19212 --- [main] trationDelegate$BeanPostProcessorChecker : Bean 'sqlSessionTemplate' of type [org.mybatis.spring.SqlSessionTemplate] is not eligible for getting processed by all BeanPostProcessors (for example: not eligible for auto-proxying)
2022-02-11 09:12:25.943  INFO 19212 --- [main] trationDelegate$BeanPostProcessorChecker : Bean 'userDao' of type [org.mybatis.spring.mapper.MapperFactoryBean] is not eligible for getting processed by all BeanPostProcessors (for example: not eligible for auto-proxying)
2022-02-11 09:12:25.944  INFO 19212 --- [main] trationDelegate$BeanPostProcessorChecker : Bean 'userDao' of type [com.sun.proxy.$Proxy60] is not eligible for getting processed by all BeanPostProcessors (for example: not eligible for auto-proxying)
2022-02-11 09:12:25.946  INFO 19212 --- [main] trationDelegate$BeanPostProcessorChecker : Bean 'permissionDao' of type [org.mybatis.spring.mapper.MapperFactoryBean] is not eligible for getting processed by all BeanPostProcessors (for example: not eligible for auto-proxying)
2022-02-11 09:12:25.946  INFO 19212 --- [main] trationDelegate$BeanPostProcessorChecker : Bean 'permissionDao' of type [com.sun.proxy.$Proxy61] is not eligible for getting processed by all BeanPostProcessors (for example: not eligible for auto-proxying)
2022-02-11 09:12:25.946  INFO 19212 --- [main] trationDelegate$BeanPostProcessorChecker : Bean 'userServiceImp' of type [com.zhang.datamanagementplatform.service.imp.UserServiceImp] is not eligible for getting processed by all BeanPostProcessors (for example: not eligible for auto-proxying)
2022-02-11 09:12:25.946  INFO 19212 --- [main] trationDelegate$BeanPostProcessorChecker : Bean 'statelessAuthorizingRealm' of type [com.zhang.datamanagementplatform.shiro.realm.StatelessAuthorizingRealm] is not eligible for getting processed by all BeanPostProcessors (for example: not eligible for auto-proxying)
2022-02-11 09:12:25.947  INFO 19212 --- [main] trationDelegate$BeanPostProcessorChecker : Bean 'securityManager' of type [org.apache.shiro.web.mgt.DefaultWebSecurityManager] is not eligible for getting processed by all BeanPostProcessors (for example: not eligible for auto-proxying)
2022-02-11 09:12:25.952  INFO 19212 --- [main] trationDelegate$BeanPostProcessorChecker : Bean 'statelessAuthcFilter' of type [com.zhang.datamanagementplatform.shiro.filter.StatelessAccessControlFilter] is not eligible for getting processed by all BeanPostProcessors (for example: not eligible for auto-proxying)
2022-02-11 09:12:25.952  INFO 19212 --- [main] trationDelegate$BeanPostProcessorChecker : Bean 'corsFilter' of type [com.zhang.datamanagementplatform.shiro.filter.CorsFilter] is not eligible for getting processed by all BeanPostProcessors (for example: not eligible for auto-proxying)
2022-02-11 09:12:25.972  INFO 19212 --- [main] trationDelegate$BeanPostProcessorChecker : Bean 'org.springframework.transaction.annotation.ProxyTransactionManagementConfiguration' of type [org.springframework.transaction.annotation.ProxyTransactionManagementConfiguration$$EnhancerBySpringCGLIB$$80f7e5ce] is not eligible for getting processed by all BeanPostProcessors (for example: not eligible for auto-proxying)
2022-02-11 09:12:25.977  INFO 19212 --- [main] trationDelegate$BeanPostProcessorChecker : Bean 'authorizationAttributeSourceAdvisor' of type [org.apache.shiro.spring.security.interceptor.AuthorizationAttributeSourceAdvisor] is not eligible for getting processed by all BeanPostProcessors (for example: not eligible for auto-proxying)
2022-02-11 09:12:26.208  INFO 19212 --- [main] o.s.b.w.embedded.tomcat.TomcatWebServer  : Tomcat initialized with port(s): 8088 (http)
2022-02-11 09:12:26.217  INFO 19212 --- [main] o.apache.catalina.core.StandardService   : Starting service [Tomcat]
2022-02-11 09:12:26.217  INFO 19212 --- [main] org.apache.catalina.core.StandardEngine  : Starting Servlet Engine: Apache Tomcat/9.0.12
2022-02-11 09:12:26.222  INFO 19212 --- [main] o.a.catalina.core.AprLifecycleListener   : The APR based Apache Tomcat Native library which allows optimal performance in production environments was not found on the java.library.path: [C:\Program Files\Java\jdk1.8.0_311\bin;C:\Windows\Sun\Java\bin;C:\Windows\system32;C:\Windows;C:\Program Files (x86)\Common Files\Oracle\Java\javapath;C:\Windows\system32;C:\Windows;C:\Windows\System32\Wbem;C:\Windows\System32\WindowsPowerShell\v1.0\;C:\Windows\System32\OpenSSH\;C:\Program Files\nodejs\;C:\Program Files\TortoiseSVN\bin;C:\Program Files\dotnet\;C:\Program Files\Microsoft SQL Server\130\Tools\Binn\;C:\Program Files\Microsoft SQL Server\Client SDK\ODBC\170\Tools\Binn\;C:\Program Files (x86)\Microsoft SQL Server\150\Tools\Binn\;C:\Program Files\Microsoft SQL Server\150\Tools\Binn\;C:\Program Files\Microsoft SQL Server\150\DTS\Binn\;D:\Program Files (x86)\tools\Git\cmd;D:\Program Files (x86)\DevTools\TortoiseGit\bin;C:\Program Files (x86)\Microsoft SQL Server\150\DTS\Binn\;C:\Program Files\Azure Data Studio\bin;C:\Program Files (x86)\NetSarang\Xshell 7\;;C:\Program Files\Docker\Docker\resources\bin;C:\ProgramData\DockerDesktop\version-bin;D:\Program Files (x86)\DevTools\Python\Scripts\;D:\Program Files (x86)\DevTools\Python\;C:\Users\PC-20210115\AppData\Local\Microsoft\WindowsApps;D:\Program Files (x86)\Microsoft VS Code\bin;C:\Users\PC-20210115\AppData\Roaming\npm;C:\Users\PC-20210115\.dotnet\tools;D:\Program Files (x86)\DevTools\PyCharm 2020.3.3\bin;;D:\Program Files (x86)\DevTools\IntelliJ IDEA 2020.3.2\bin;;C:\Program Files\Azure Data Studio\bin;C:\Program Files\erl-24.0\bin;D:\Program Files (x86)\DevTools\mysql-8.0.27-winx64\bin;D:\Program Files (x86)\DevTools\apache-maven-3.6.1\bin;C:\sqlite;;.]
2022-02-11 09:12:26.296  INFO 19212 --- [main] o.a.c.c.C.[Tomcat].[localhost].[/]       : Initializing Spring embedded WebApplicationContext
2022-02-11 09:12:26.296  INFO 19212 --- [main] o.s.web.context.ContextLoader            : Root WebApplicationContext: initialization completed in 1494 ms
2022-02-11 09:12:26.373  INFO 19212 --- [main] o.s.b.w.servlet.FilterRegistrationBean   : Mapping filter: 'characterEncodingFilter' to: [/*]
2022-02-11 09:12:26.373  INFO 19212 --- [main] o.s.b.w.servlet.FilterRegistrationBean   : Mapping filter: 'dosFilter' to urls: [/v1/*]
2022-02-11 09:12:26.373  INFO 19212 --- [main] o.s.b.w.servlet.FilterRegistrationBean   : Mapping filter: 'hiddenHttpMethodFilter' to: [/*]
2022-02-11 09:12:26.374  INFO 19212 --- [main] o.s.b.w.servlet.FilterRegistrationBean   : Mapping filter: 'formContentFilter' to: [/*]
2022-02-11 09:12:26.374  INFO 19212 --- [main] o.s.b.w.servlet.FilterRegistrationBean   : Mapping filter: 'requestContextFilter' to: [/*]
2022-02-11 09:12:26.374  INFO 19212 --- [main] o.s.b.w.servlet.FilterRegistrationBean   : Mapping filter: 'downloadFileFilter' to urls: [/v1/nonpub/download/*]
2022-02-11 09:12:26.374  INFO 19212 --- [main] o.s.b.w.servlet.FilterRegistrationBean   : Mapping filter: 'druidWebStatFilter' to urls: [/*]
2022-02-11 09:12:26.374  INFO 19212 --- [main] o.s.b.w.servlet.FilterRegistrationBean   : Mapping filter: 'shiroFilter' to: [/*]
2022-02-11 09:12:26.374  INFO 19212 --- [main] o.s.b.w.servlet.FilterRegistrationBean   : Mapping filter: 'statelessAuthcFilter' to: [/*]
2022-02-11 09:12:26.374  INFO 19212 --- [main] o.s.b.w.servlet.FilterRegistrationBean   : Mapping filter: 'corsFilter' to: [/*]
2022-02-11 09:12:26.374  INFO 19212 --- [main] o.s.b.w.servlet.ServletRegistrationBean  : Servlet dispatcherServlet mapped to [/]
2022-02-11 09:12:26.375  INFO 19212 --- [main] o.s.b.w.servlet.ServletRegistrationBean  : Servlet com.zhang.datamanagementplatform.config.druid.DruidStatViewServlet mapped to [/druid/*]
2022-02-11 09:12:26.785  INFO 19212 --- [main] o.s.s.concurrent.ThreadPoolTaskExecutor  : Initializing ExecutorService 'applicationTaskExecutor'
2022-02-11 09:12:26.908  INFO 19212 --- [main] o.s.b.a.w.s.WelcomePageHandlerMapping    : Adding welcome page: class path resource [static/index.html]
2022-02-11 09:12:27.193  INFO 19212 --- [main] o.s.b.w.embedded.tomcat.TomcatWebServer  : Tomcat started on port(s): 8088 (http) with context path ''
2022-02-11 09:12:27.195  INFO 19212 --- [main] c.z.d.DataManagementPlatformApplication  : Started DataManagementPlatformApplication in 2.698 seconds (JVM running for 3.273)
